<?xml version="1.0" encoding="UTF-8"?>
<testsuite name="org.vodqa.RestAssuredTest" tests="1" skipped="0" failures="0" errors="0" timestamp="2015-10-15T07:37:26" hostname="Ruchika-Mac.local" time="1.175">
  <properties/>
  <testcase name="testPostRequest" classname="org.vodqa.RestAssuredTest" time="1.175"/>
  <system-out><![CDATA[]]></system-out>
  <system-err><![CDATA[]]></system-err>
</testsuite>
